Copyright 1986-2019 Xilinx, Inc. All Rights Reserved.
------------------------------------------------------------------------------------
| Tool Version : Vivado v.2019.1 (win64) Build 2552052 Fri May 24 14:49:42 MDT 2019
| Date         : Sun Nov 17 01:34:37 2019
| Host         : LAPTOP-0BRRARGR running 64-bit major release  (build 9200)
| Command      : report_control_sets -verbose -file filters_control_sets_placed.rpt
| Design       : filters
| Device       : xc7a100t
------------------------------------------------------------------------------------

Control Set Information

Table of Contents
-----------------
1. Summary
2. Histogram
3. Flip-Flop Distribution
4. Detailed Control Set Information

1. Summary
----------

+----------------------------------------------------------+-------+
|                          Status                          | Count |
+----------------------------------------------------------+-------+
| Total control sets                                       |     9 |
|    Minimum number of control sets                        |     9 |
|    Addition due to synthesis replication                 |     0 |
|    Addition due to physical synthesis replication        |     0 |
| Unused register locations in slices containing registers |    43 |
+----------------------------------------------------------+-------+
* Control sets can be merged at opt_design using control_set_merge or merge_equivalent_drivers
** Run report_qor_suggestions for automated merging and remapping suggestions


2. Histogram
------------

+--------------------+-------+
|       Fanout       | Count |
+--------------------+-------+
| Total control sets |     9 |
| >= 0 to < 4        |     3 |
| >= 4 to < 6        |     2 |
| >= 6 to < 8        |     0 |
| >= 8 to < 10       |     0 |
| >= 10 to < 12      |     1 |
| >= 12 to < 14      |     1 |
| >= 14 to < 16      |     1 |
| >= 16              |     1 |
+--------------------+-------+
* Control sets can be remapped at either synth_design or opt_design


3. Flip-Flop Distribution
-------------------------

+--------------+-----------------------+------------------------+-----------------+--------------+
| Clock Enable | Synchronous Set/Reset | Asynchronous Set/Reset | Total Registers | Total Slices |
+--------------+-----------------------+------------------------+-----------------+--------------+
| No           | No                    | No                     |              32 |           22 |
| No           | No                    | Yes                    |               0 |            0 |
| No           | Yes                   | No                     |               0 |            0 |
| Yes          | No                    | No                     |              20 |            6 |
| Yes          | No                    | Yes                    |               0 |            0 |
| Yes          | Yes                   | No                     |              17 |            9 |
+--------------+-----------------------+------------------------+-----------------+--------------+


4. Detailed Control Set Information
-----------------------------------

+------------------+------------------+------------------+------------------+----------------+
|   Clock Signal   |   Enable Signal  | Set/Reset Signal | Slice Load Count | Bel Load Count |
+------------------+------------------+------------------+------------------+----------------+
|  clk_BUFG        | hsyncoff         | hsyncon          |                1 |              1 |
|  clk_BUFG        | vsyncoff         | vsyncon          |                1 |              1 |
|  clock_IBUF_BUFG |                  |                  |                1 |              1 |
|  clk_BUFG        | hreset           |                  |                2 |              5 |
|  clk_BUFG        | hreset           | vc0              |                3 |              5 |
|  clk_BUFG        | ec               | hreset           |                4 |             10 |
| ~pcount          |                  |                  |                8 |             12 |
| ~pcount          | addra[0]_i_1_n_0 |                  |                4 |             15 |
|  clk_BUFG        |                  |                  |               13 |             19 |
+------------------+------------------+------------------+------------------+----------------+


